{"/Users/jordanhornback/multiverse/cheeseboard/board.js": {"path":"/Users/jordanhornback/multiverse/cheeseboard/board.js","statementMap":{"0":{"start":{"line":1,"column":51},"end":{"line":1,"column":66}},"1":{"start":{"line":5,"column":0},"end":{"line":12,"column":3}},"2":{"start":{"line":14,"column":0},"end":{"line":14,"column":25}}},"fnMap":{},"branchMap":{},"s":{"0":1,"1":1,"2":1},"f":{},"b":{},"_coverageSchema":"1a1c01bbd47fc00a2c39e90264f33305004495a9","hash":"88528b17c478974445461f7c6fa8a04fb0f0a017"}
,"/Users/jordanhornback/multiverse/cheeseboard/cheese.js": {"path":"/Users/jordanhornback/multiverse/cheeseboard/cheese.js","statementMap":{"0":{"start":{"line":1,"column":51},"end":{"line":1,"column":66}},"1":{"start":{"line":5,"column":0},"end":{"line":11,"column":3}},"2":{"start":{"line":13,"column":0},"end":{"line":15,"column":2}}},"fnMap":{},"branchMap":{},"s":{"0":1,"1":1,"2":1},"f":{},"b":{},"_coverageSchema":"1a1c01bbd47fc00a2c39e90264f33305004495a9","hash":"62ee676940a6b032788f7aa3e78e6a519fe156ea"}
,"/Users/jordanhornback/multiverse/cheeseboard/db.js": {"path":"/Users/jordanhornback/multiverse/cheeseboard/db.js","statementMap":{"0":{"start":{"line":1,"column":13},"end":{"line":1,"column":28}},"1":{"start":{"line":2,"column":40},"end":{"line":2,"column":60}},"2":{"start":{"line":4,"column":18},"end":{"line":8,"column":2}},"3":{"start":{"line":10,"column":0},"end":{"line":15,"column":2}}},"fnMap":{},"branchMap":{},"s":{"0":1,"1":1,"2":1,"3":1},"f":{},"b":{},"_coverageSchema":"1a1c01bbd47fc00a2c39e90264f33305004495a9","hash":"e7a8dd581f494e758d9d7fcfe0715a28c34976e1"}
,"/Users/jordanhornback/multiverse/cheeseboard/index.js": {"path":"/Users/jordanhornback/multiverse/cheeseboard/index.js","statementMap":{"0":{"start":{"line":1,"column":20},"end":{"line":1,"column":40}},"1":{"start":{"line":2,"column":15},"end":{"line":2,"column":32}},"2":{"start":{"line":3,"column":16},"end":{"line":3,"column":34}},"3":{"start":{"line":4,"column":17},"end":{"line":4,"column":36}},"4":{"start":{"line":6,"column":38},"end":{"line":6,"column":53}},"5":{"start":{"line":8,"column":0},"end":{"line":8,"column":22}},"6":{"start":{"line":9,"column":0},"end":{"line":9,"column":20}},"7":{"start":{"line":10,"column":0},"end":{"line":10,"column":54}},"8":{"start":{"line":11,"column":0},"end":{"line":11,"column":55}},"9":{"start":{"line":13,"column":0},"end":{"line":17,"column":2}}},"fnMap":{},"branchMap":{},"s":{"0":1,"1":1,"2":1,"3":1,"4":1,"5":1,"6":1,"7":1,"8":1,"9":1},"f":{},"b":{},"_coverageSchema":"1a1c01bbd47fc00a2c39e90264f33305004495a9","hash":"6f5efa73dbfeb2a5b55131a3619fae7ca1ced4f2"}
,"/Users/jordanhornback/multiverse/cheeseboard/user.js": {"path":"/Users/jordanhornback/multiverse/cheeseboard/user.js","statementMap":{"0":{"start":{"line":1,"column":51},"end":{"line":1,"column":66}},"1":{"start":{"line":5,"column":0},"end":{"line":11,"column":3}},"2":{"start":{"line":13,"column":0},"end":{"line":13,"column":24}}},"fnMap":{},"branchMap":{},"s":{"0":1,"1":1,"2":1},"f":{},"b":{},"_coverageSchema":"1a1c01bbd47fc00a2c39e90264f33305004495a9","hash":"e4417296bd9a9347e581967a7227c0ff0ce0073a"}
}
